<?xml version="1.0" encoding="UTF-8"?>
<!-- Generated by org.testng.reporters.JUnitReportReporter -->
<testsuite hostname="Dekis-MacBook-Air.local" failures="0" tests="1" name="apiTesting.GetWeatherReportAPITest" time="3.364" errors="0" timestamp="2021-06-21T14:05:26 CDT" skipped="0">
  <testcase classname="apiTesting.GetWeatherReportAPITest" name="getSpecificCityWeather" time="3.364"/>
  <system-out/>
</testsuite> <!-- apiTesting.GetWeatherReportAPITest -->
